<?xml version="1.0" encoding="UTF-8"?>
<testsuite xmlns:xsi="http://www.w3.org/2001/XMLSchema-instance" xsi:noNamespaceSchemaLocation="https://maven.apache.org/surefire/maven-surefire-plugin/xsd/surefire-test-report.xsd" name="JUnit Vintage" time="0.003" tests="1" errors="0" skipped="0" failures="0">
  <properties>
    <property name="gopherProxySet" value="false"/>
    <property name="awt.toolkit" value="sun.lwawt.macosx.LWCToolkit"/>
    <property name="java.specification.version" value="11"/>
    <property name="sun.cpu.isalist" value=""/>
    <property name="sun.jnu.encoding" value="UTF-8"/>
    <property name="java.class.path" value="/Users/e.kraja/Desktop/Dua/techAutomation/target/test-classes:/Users/e.kraja/Desktop/Dua/techAutomation/target/classes:/Users/e.kraja/.m2/repository/org/apache/commons/commons-lang3/3.8/commons-lang3-3.8.jar:/Users/e.kraja/.m2/repository/org/apache/httpcomponents/httpclient/4.5.6/httpclient-4.5.6.jar:/Users/e.kraja/.m2/repository/org/apache/httpcomponents/httpcore/4.4.10/httpcore-4.4.10.jar:/Users/e.kraja/.m2/repository/commons-logging/commons-logging/1.2/commons-logging-1.2.jar:/Users/e.kraja/.m2/repository/commons-codec/commons-codec/1.10/commons-codec-1.10.jar:/Users/e.kraja/.m2/repository/org/mockito/mockito-junit-jupiter/2.19.0/mockito-junit-jupiter-2.19.0.jar:/Users/e.kraja/.m2/repository/org/mockito/mockito-core/2.19.0/mockito-core-2.19.0.jar:/Users/e.kraja/.m2/repository/net/bytebuddy/byte-buddy-agent/1.8.10/byte-buddy-agent-1.8.10.jar:/Users/e.kraja/.m2/repository/org/objenesis/objenesis/2.6/objenesis-2.6.jar:/Users/e.kraja/.m2/repository/org/junit/jupiter/junit-jupiter-api/5.3.1/junit-jupiter-api-5.3.1.jar:/Users/e.kraja/.m2/repository/org/apiguardian/apiguardian-api/1.0.0/apiguardian-api-1.0.0.jar:/Users/e.kraja/.m2/repository/org/opentest4j/opentest4j/1.1.1/opentest4j-1.1.1.jar:/Users/e.kraja/.m2/repository/org/junit/platform/junit-platform-commons/1.3.1/junit-platform-commons-1.3.1.jar:/Users/e.kraja/.m2/repository/org/junit/vintage/junit-vintage-engine/5.3.1/junit-vintage-engine-5.3.1.jar:/Users/e.kraja/.m2/repository/org/junit/platform/junit-platform-engine/1.3.1/junit-platform-engine-1.3.1.jar:/Users/e.kraja/.m2/repository/junit/junit/4.12/junit-4.12.jar:/Users/e.kraja/.m2/repository/org/hamcrest/hamcrest-core/1.3/hamcrest-core-1.3.jar:/Users/e.kraja/.m2/repository/net/masterthought/cucumber-reporting/4.8.0/cucumber-reporting-4.8.0.jar:/Users/e.kraja/.m2/repository/org/apache/velocity/velocity/1.7/velocity-1.7.jar:/Users/e.kraja/.m2/repository/commons-lang/commons-lang/2.4/commons-lang-2.4.jar:/Users/e.kraja/.m2/repository/commons-collections/commons-collections/3.2.2/commons-collections-3.2.2.jar:/Users/e.kraja/.m2/repository/velocity-tools/velocity-tools/1.4/velocity-tools-1.4.jar:/Users/e.kraja/.m2/repository/joda-time/joda-time/2.10.2/joda-time-2.10.2.jar:/Users/e.kraja/.m2/repository/commons-io/commons-io/2.6/commons-io-2.6.jar:/Users/e.kraja/.m2/repository/org/codehaus/plexus/plexus-utils/3.2.0/plexus-utils-3.2.0.jar:/Users/e.kraja/.m2/repository/org/jsoup/jsoup/1.12.1/jsoup-1.12.1.jar:/Users/e.kraja/.m2/repository/com/googlecode/owasp-java-html-sanitizer/owasp-java-html-sanitizer/20190610.1/owasp-java-html-sanitizer-20190610.1.jar:/Users/e.kraja/.m2/repository/commons-configuration/commons-configuration/1.10/commons-configuration-1.10.jar:/Users/e.kraja/.m2/repository/com/vimalselvam/cucumber-extentsreport/3.1.1/cucumber-extentsreport-3.1.1.jar:/Users/e.kraja/.m2/repository/com/aventstack/extentreports/4.0.9/extentreports-4.0.9.jar:/Users/e.kraja/.m2/repository/org/freemarker/freemarker/2.3.23/freemarker-2.3.23.jar:/Users/e.kraja/.m2/repository/org/mongodb/mongodb-driver/3.3.0/mongodb-driver-3.3.0.jar:/Users/e.kraja/.m2/repository/org/mongodb/mongodb-driver-core/3.3.0/mongodb-driver-core-3.3.0.jar:/Users/e.kraja/.m2/repository/org/mongodb/bson/3.3.0/bson-3.3.0.jar:/Users/e.kraja/.m2/repository/org/apache/httpcomponents/httpmime/4.5.2/httpmime-4.5.2.jar:/Users/e.kraja/.m2/repository/com/google/code/gson/gson/2.8.5/gson-2.8.5.jar:/Users/e.kraja/.m2/repository/io/cucumber/cucumber-java/4.2.0/cucumber-java-4.2.0.jar:/Users/e.kraja/.m2/repository/io/cucumber/cucumber-core/4.2.0/cucumber-core-4.2.0.jar:/Users/e.kraja/.m2/repository/io/cucumber/cucumber-html/0.2.7/cucumber-html-0.2.7.jar:/Users/e.kraja/.m2/repository/io/cucumber/tag-expressions/1.1.1/tag-expressions-1.1.1.jar:/Users/e.kraja/.m2/repository/io/cucumber/cucumber-expressions/6.2.0/cucumber-expressions-6.2.0.jar:/Users/e.kraja/.m2/repository/io/cucumber/datatable/1.1.7/datatable-1.1.7.jar:/Users/e.kraja/.m2/repository/io/cucumber/datatable-dependencies/1.1.7/datatable-dependencies-1.1.7.jar:/Users/e.kraja/.m2/repository/io/cucumber/cucumber-junit/4.2.0/cucumber-junit-4.2.0.jar:/Users/e.kraja/.m2/repository/io/cucumber/cucumber-picocontainer/4.2.0/cucumber-picocontainer-4.2.0.jar:/Users/e.kraja/.m2/repository/io/cucumber/gherkin/5.1.0/gherkin-5.1.0.jar:/Users/e.kraja/.m2/repository/org/picocontainer/picocontainer/2.15/picocontainer-2.15.jar:/Users/e.kraja/.m2/repository/org/seleniumhq/selenium/selenium-java/3.141.0/selenium-java-3.141.0.jar:/Users/e.kraja/.m2/repository/org/seleniumhq/selenium/selenium-api/3.141.0/selenium-api-3.141.0.jar:/Users/e.kraja/.m2/repository/org/seleniumhq/selenium/selenium-chrome-driver/3.141.0/selenium-chrome-driver-3.141.0.jar:/Users/e.kraja/.m2/repository/org/seleniumhq/selenium/selenium-edge-driver/3.141.0/selenium-edge-driver-3.141.0.jar:/Users/e.kraja/.m2/repository/org/seleniumhq/selenium/selenium-firefox-driver/3.141.0/selenium-firefox-driver-3.141.0.jar:/Users/e.kraja/.m2/repository/org/seleniumhq/selenium/selenium-ie-driver/3.141.0/selenium-ie-driver-3.141.0.jar:/Users/e.kraja/.m2/repository/org/seleniumhq/selenium/selenium-opera-driver/3.141.0/selenium-opera-driver-3.141.0.jar:/Users/e.kraja/.m2/repository/org/seleniumhq/selenium/selenium-remote-driver/3.141.0/selenium-remote-driver-3.141.0.jar:/Users/e.kraja/.m2/repository/org/seleniumhq/selenium/selenium-safari-driver/3.141.0/selenium-safari-driver-3.141.0.jar:/Users/e.kraja/.m2/repository/org/seleniumhq/selenium/selenium-support/3.141.0/selenium-support-3.141.0.jar:/Users/e.kraja/.m2/repository/net/bytebuddy/byte-buddy/1.8.15/byte-buddy-1.8.15.jar:/Users/e.kraja/.m2/repository/org/apache/commons/commons-exec/1.3/commons-exec-1.3.jar:/Users/e.kraja/.m2/repository/com/google/guava/guava/25.0-jre/guava-25.0-jre.jar:/Users/e.kraja/.m2/repository/com/google/code/findbugs/jsr305/1.3.9/jsr305-1.3.9.jar:/Users/e.kraja/.m2/repository/org/checkerframework/checker-compat-qual/2.0.0/checker-compat-qual-2.0.0.jar:/Users/e.kraja/.m2/repository/com/google/errorprone/error_prone_annotations/2.1.3/error_prone_annotations-2.1.3.jar:/Users/e.kraja/.m2/repository/com/google/j2objc/j2objc-annotations/1.1/j2objc-annotations-1.1.jar:/Users/e.kraja/.m2/repository/org/codehaus/mojo/animal-sniffer-annotations/1.14/animal-sniffer-annotations-1.14.jar:/Users/e.kraja/.m2/repository/com/squareup/okhttp3/okhttp/3.11.0/okhttp-3.11.0.jar:/Users/e.kraja/.m2/repository/com/squareup/okio/okio/1.14.0/okio-1.14.0.jar:/Users/e.kraja/.m2/repository/com/github/tomakehurst/wiremock-standalone/2.19.0/wiremock-standalone-2.19.0.jar:/Users/e.kraja/.m2/repository/ch/qos/logback/logback-classic/1.2.3/logback-classic-1.2.3.jar:/Users/e.kraja/.m2/repository/ch/qos/logback/logback-core/1.2.3/logback-core-1.2.3.jar:/Users/e.kraja/.m2/repository/org/slf4j/slf4j-api/1.7.25/slf4j-api-1.7.25.jar:/Users/e.kraja/.m2/repository/com/deque/axe-selenium/2.0/axe-selenium-2.0.jar:/Users/e.kraja/.m2/repository/org/json/json/20160212/json-20160212.jar:/Users/e.kraja/.m2/repository/com/fasterxml/jackson/core/jackson-databind/2.9.7/jackson-databind-2.9.7.jar:/Users/e.kraja/.m2/repository/com/fasterxml/jackson/core/jackson-annotations/2.9.0/jackson-annotations-2.9.0.jar:/Users/e.kraja/.m2/repository/com/fasterxml/jackson/core/jackson-core/2.9.7/jackson-core-2.9.7.jar:"/>
    <property name="java.vm.vendor" value="Oracle Corporation"/>
    <property name="sun.arch.data.model" value="64"/>
    <property name="java.vendor.url" value="http://java.oracle.com/"/>
    <property name="user.timezone" value=""/>
    <property name="java.vm.specification.version" value="11"/>
    <property name="os.name" value="Mac OS X"/>
    <property name="sun.java.launcher" value="SUN_STANDARD"/>
    <property name="user.country" value="GB"/>
    <property name="sun.boot.library.path" value="/Library/Java/JavaVirtualMachines/jdk-11.0.2.jdk/Contents/Home/lib"/>
    <property name="sun.java.command" value="/Users/e.kraja/Desktop/Dua/techAutomation/target/surefire/surefirebooter16482402472116577049.jar /Users/e.kraja/Desktop/Dua/techAutomation/target/surefire 2020-01-10T00-08-43_022-jvmRun1 surefire15779101091702128987tmp surefire_02623425440725434002tmp"/>
    <property name="jdk.debug" value="release"/>
    <property name="surefire.test.class.path" value="/Users/e.kraja/Desktop/Dua/techAutomation/target/test-classes:/Users/e.kraja/Desktop/Dua/techAutomation/target/classes:/Users/e.kraja/.m2/repository/org/apache/commons/commons-lang3/3.8/commons-lang3-3.8.jar:/Users/e.kraja/.m2/repository/org/apache/httpcomponents/httpclient/4.5.6/httpclient-4.5.6.jar:/Users/e.kraja/.m2/repository/org/apache/httpcomponents/httpcore/4.4.10/httpcore-4.4.10.jar:/Users/e.kraja/.m2/repository/commons-logging/commons-logging/1.2/commons-logging-1.2.jar:/Users/e.kraja/.m2/repository/commons-codec/commons-codec/1.10/commons-codec-1.10.jar:/Users/e.kraja/.m2/repository/org/mockito/mockito-junit-jupiter/2.19.0/mockito-junit-jupiter-2.19.0.jar:/Users/e.kraja/.m2/repository/org/mockito/mockito-core/2.19.0/mockito-core-2.19.0.jar:/Users/e.kraja/.m2/repository/net/bytebuddy/byte-buddy-agent/1.8.10/byte-buddy-agent-1.8.10.jar:/Users/e.kraja/.m2/repository/org/objenesis/objenesis/2.6/objenesis-2.6.jar:/Users/e.kraja/.m2/repository/org/junit/jupiter/junit-jupiter-api/5.3.1/junit-jupiter-api-5.3.1.jar:/Users/e.kraja/.m2/repository/org/apiguardian/apiguardian-api/1.0.0/apiguardian-api-1.0.0.jar:/Users/e.kraja/.m2/repository/org/opentest4j/opentest4j/1.1.1/opentest4j-1.1.1.jar:/Users/e.kraja/.m2/repository/org/junit/platform/junit-platform-commons/1.3.1/junit-platform-commons-1.3.1.jar:/Users/e.kraja/.m2/repository/org/junit/vintage/junit-vintage-engine/5.3.1/junit-vintage-engine-5.3.1.jar:/Users/e.kraja/.m2/repository/org/junit/platform/junit-platform-engine/1.3.1/junit-platform-engine-1.3.1.jar:/Users/e.kraja/.m2/repository/junit/junit/4.12/junit-4.12.jar:/Users/e.kraja/.m2/repository/org/hamcrest/hamcrest-core/1.3/hamcrest-core-1.3.jar:/Users/e.kraja/.m2/repository/net/masterthought/cucumber-reporting/4.8.0/cucumber-reporting-4.8.0.jar:/Users/e.kraja/.m2/repository/org/apache/velocity/velocity/1.7/velocity-1.7.jar:/Users/e.kraja/.m2/repository/commons-lang/commons-lang/2.4/commons-lang-2.4.jar:/Users/e.kraja/.m2/repository/commons-collections/commons-collections/3.2.2/commons-collections-3.2.2.jar:/Users/e.kraja/.m2/repository/velocity-tools/velocity-tools/1.4/velocity-tools-1.4.jar:/Users/e.kraja/.m2/repository/joda-time/joda-time/2.10.2/joda-time-2.10.2.jar:/Users/e.kraja/.m2/repository/commons-io/commons-io/2.6/commons-io-2.6.jar:/Users/e.kraja/.m2/repository/org/codehaus/plexus/plexus-utils/3.2.0/plexus-utils-3.2.0.jar:/Users/e.kraja/.m2/repository/org/jsoup/jsoup/1.12.1/jsoup-1.12.1.jar:/Users/e.kraja/.m2/repository/com/googlecode/owasp-java-html-sanitizer/owasp-java-html-sanitizer/20190610.1/owasp-java-html-sanitizer-20190610.1.jar:/Users/e.kraja/.m2/repository/commons-configuration/commons-configuration/1.10/commons-configuration-1.10.jar:/Users/e.kraja/.m2/repository/com/vimalselvam/cucumber-extentsreport/3.1.1/cucumber-extentsreport-3.1.1.jar:/Users/e.kraja/.m2/repository/com/aventstack/extentreports/4.0.9/extentreports-4.0.9.jar:/Users/e.kraja/.m2/repository/org/freemarker/freemarker/2.3.23/freemarker-2.3.23.jar:/Users/e.kraja/.m2/repository/org/mongodb/mongodb-driver/3.3.0/mongodb-driver-3.3.0.jar:/Users/e.kraja/.m2/repository/org/mongodb/mongodb-driver-core/3.3.0/mongodb-driver-core-3.3.0.jar:/Users/e.kraja/.m2/repository/org/mongodb/bson/3.3.0/bson-3.3.0.jar:/Users/e.kraja/.m2/repository/org/apache/httpcomponents/httpmime/4.5.2/httpmime-4.5.2.jar:/Users/e.kraja/.m2/repository/com/google/code/gson/gson/2.8.5/gson-2.8.5.jar:/Users/e.kraja/.m2/repository/io/cucumber/cucumber-java/4.2.0/cucumber-java-4.2.0.jar:/Users/e.kraja/.m2/repository/io/cucumber/cucumber-core/4.2.0/cucumber-core-4.2.0.jar:/Users/e.kraja/.m2/repository/io/cucumber/cucumber-html/0.2.7/cucumber-html-0.2.7.jar:/Users/e.kraja/.m2/repository/io/cucumber/tag-expressions/1.1.1/tag-expressions-1.1.1.jar:/Users/e.kraja/.m2/repository/io/cucumber/cucumber-expressions/6.2.0/cucumber-expressions-6.2.0.jar:/Users/e.kraja/.m2/repository/io/cucumber/datatable/1.1.7/datatable-1.1.7.jar:/Users/e.kraja/.m2/repository/io/cucumber/datatable-dependencies/1.1.7/datatable-dependencies-1.1.7.jar:/Users/e.kraja/.m2/repository/io/cucumber/cucumber-junit/4.2.0/cucumber-junit-4.2.0.jar:/Users/e.kraja/.m2/repository/io/cucumber/cucumber-picocontainer/4.2.0/cucumber-picocontainer-4.2.0.jar:/Users/e.kraja/.m2/repository/io/cucumber/gherkin/5.1.0/gherkin-5.1.0.jar:/Users/e.kraja/.m2/repository/org/picocontainer/picocontainer/2.15/picocontainer-2.15.jar:/Users/e.kraja/.m2/repository/org/seleniumhq/selenium/selenium-java/3.141.0/selenium-java-3.141.0.jar:/Users/e.kraja/.m2/repository/org/seleniumhq/selenium/selenium-api/3.141.0/selenium-api-3.141.0.jar:/Users/e.kraja/.m2/repository/org/seleniumhq/selenium/selenium-chrome-driver/3.141.0/selenium-chrome-driver-3.141.0.jar:/Users/e.kraja/.m2/repository/org/seleniumhq/selenium/selenium-edge-driver/3.141.0/selenium-edge-driver-3.141.0.jar:/Users/e.kraja/.m2/repository/org/seleniumhq/selenium/selenium-firefox-driver/3.141.0/selenium-firefox-driver-3.141.0.jar:/Users/e.kraja/.m2/repository/org/seleniumhq/selenium/selenium-ie-driver/3.141.0/selenium-ie-driver-3.141.0.jar:/Users/e.kraja/.m2/repository/org/seleniumhq/selenium/selenium-opera-driver/3.141.0/selenium-opera-driver-3.141.0.jar:/Users/e.kraja/.m2/repository/org/seleniumhq/selenium/selenium-remote-driver/3.141.0/selenium-remote-driver-3.141.0.jar:/Users/e.kraja/.m2/repository/org/seleniumhq/selenium/selenium-safari-driver/3.141.0/selenium-safari-driver-3.141.0.jar:/Users/e.kraja/.m2/repository/org/seleniumhq/selenium/selenium-support/3.141.0/selenium-support-3.141.0.jar:/Users/e.kraja/.m2/repository/net/bytebuddy/byte-buddy/1.8.15/byte-buddy-1.8.15.jar:/Users/e.kraja/.m2/repository/org/apache/commons/commons-exec/1.3/commons-exec-1.3.jar:/Users/e.kraja/.m2/repository/com/google/guava/guava/25.0-jre/guava-25.0-jre.jar:/Users/e.kraja/.m2/repository/com/google/code/findbugs/jsr305/1.3.9/jsr305-1.3.9.jar:/Users/e.kraja/.m2/repository/org/checkerframework/checker-compat-qual/2.0.0/checker-compat-qual-2.0.0.jar:/Users/e.kraja/.m2/repository/com/google/errorprone/error_prone_annotations/2.1.3/error_prone_annotations-2.1.3.jar:/Users/e.kraja/.m2/repository/com/google/j2objc/j2objc-annotations/1.1/j2objc-annotations-1.1.jar:/Users/e.kraja/.m2/repository/org/codehaus/mojo/animal-sniffer-annotations/1.14/animal-sniffer-annotations-1.14.jar:/Users/e.kraja/.m2/repository/com/squareup/okhttp3/okhttp/3.11.0/okhttp-3.11.0.jar:/Users/e.kraja/.m2/repository/com/squareup/okio/okio/1.14.0/okio-1.14.0.jar:/Users/e.kraja/.m2/repository/com/github/tomakehurst/wiremock-standalone/2.19.0/wiremock-standalone-2.19.0.jar:/Users/e.kraja/.m2/repository/ch/qos/logback/logback-classic/1.2.3/logback-classic-1.2.3.jar:/Users/e.kraja/.m2/repository/ch/qos/logback/logback-core/1.2.3/logback-core-1.2.3.jar:/Users/e.kraja/.m2/repository/org/slf4j/slf4j-api/1.7.25/slf4j-api-1.7.25.jar:/Users/e.kraja/.m2/repository/com/deque/axe-selenium/2.0/axe-selenium-2.0.jar:/Users/e.kraja/.m2/repository/org/json/json/20160212/json-20160212.jar:/Users/e.kraja/.m2/repository/com/fasterxml/jackson/core/jackson-databind/2.9.7/jackson-databind-2.9.7.jar:/Users/e.kraja/.m2/repository/com/fasterxml/jackson/core/jackson-annotations/2.9.0/jackson-annotations-2.9.0.jar:/Users/e.kraja/.m2/repository/com/fasterxml/jackson/core/jackson-core/2.9.7/jackson-core-2.9.7.jar:"/>
    <property name="sun.cpu.endian" value="little"/>
    <property name="user.home" value="/Users/e.kraja"/>
    <property name="user.language" value="en"/>
    <property name="java.specification.vendor" value="Oracle Corporation"/>
    <property name="java.version.date" value="2019-01-15"/>
    <property name="java.home" value="/Library/Java/JavaVirtualMachines/jdk-11.0.2.jdk/Contents/Home"/>
    <property name="file.separator" value="/"/>
    <property name="basedir" value="/Users/e.kraja/Desktop/Dua/techAutomation"/>
    <property name="java.vm.compressedOopsMode" value="Zero based"/>
    <property name="line.separator" value="&#10;"/>
    <property name="java.specification.name" value="Java Platform API Specification"/>
    <property name="java.vm.specification.vendor" value="Oracle Corporation"/>
    <property name="java.awt.graphicsenv" value="sun.awt.CGraphicsEnvironment"/>
    <property name="surefire.real.class.path" value="/Users/e.kraja/Desktop/Dua/techAutomation/target/surefire/surefirebooter16482402472116577049.jar"/>
    <property name="sun.management.compiler" value="HotSpot 64-Bit Tiered Compilers"/>
    <property name="java.runtime.version" value="11.0.2+9"/>
    <property name="user.name" value="e.kraja"/>
    <property name="path.separator" value=":"/>
    <property name="os.version" value="10.13.6"/>
    <property name="java.runtime.name" value="OpenJDK Runtime Environment"/>
    <property name="file.encoding" value="UTF-8"/>
    <property name="java.vm.name" value="OpenJDK 64-Bit Server VM"/>
    <property name="java.vendor.version" value="18.9"/>
    <property name="localRepository" value="/Users/e.kraja/.m2/repository"/>
    <property name="java.vendor.url.bug" value="http://bugreport.java.com/bugreport/"/>
    <property name="java.io.tmpdir" value="/var/folders/xt/rvzk7rp55qv5ybhr1vq8nrkr0000gp/T/"/>
    <property name="java.version" value="11.0.2"/>
    <property name="user.dir" value="/Users/e.kraja/Desktop/Dua/techAutomation"/>
    <property name="os.arch" value="x86_64"/>
    <property name="java.vm.specification.name" value="Java Virtual Machine Specification"/>
    <property name="java.awt.printerjob" value="sun.lwawt.macosx.CPrinterJob"/>
    <property name="sun.os.patch.level" value="unknown"/>
    <property name="environment" value="dev"/>
    <property name="java.library.path" value="/Users/e.kraja/Library/Java/Extensions:/Library/Java/Extensions:/Network/Library/Java/Extensions:/System/Library/Java/Extensions:/usr/lib/java:."/>
    <property name="java.vendor" value="Oracle Corporation"/>
    <property name="java.vm.info" value="mixed mode"/>
    <property name="java.vm.version" value="11.0.2+9"/>
    <property name="sun.io.unicode.encoding" value="UnicodeBig"/>
    <property name="java.class.version" value="55.0"/>
  </properties>
  <testcase name="RunAllCucumberTests" classname="com.bpdts.tech.interview.automation.test.runners.RunAllCucumberTests" time="0"/>
</testsuite>